<?xml version="1.0" encoding="UTF-8"?>
<!-- Generated by org.testng.reporters.JUnitXMLReporter -->
<testsuite ignored="0" hostname="DESKTOP-I40GL3R" failures="0" tests="3" name="Default test" time="0.054" errors="0" timestamp="2021-06-23T01:54:24 IST">
  <testcase classname="JavaStreams.Arraystream1" name="streamfilter" time="0.009"/>
  <testcase classname="JavaStreams.Arraystream1" name="streammap" time="0.003"/>
  <testcase classname="JavaStreams.Arraystream1" name="test1" time="0.001"/>
</testsuite> <!-- Default test -->
