<?xml version="1.0" encoding="UTF-8"?>
<testng-results ignored="0" total="3" passed="3" failed="0" skipped="0">
  <reporter-output>
  </reporter-output>
  <suite started-at="2021-06-23T01:54:24 IST" name="Default suite" finished-at="2021-06-23T01:54:24 IST" duration-ms="54">
    <groups>
    </groups>
    <test started-at="2021-06-23T01:54:24 IST" name="Default test" finished-at="2021-06-23T01:54:24 IST" duration-ms="54">
      <class name="JavaStreams.Arraystream1">
        <test-method signature="streamfilter()[pri:0, instance:JavaStreams.Arraystream1@59d016c9]" started-at="2021-06-23T01:54:24 IST" name="streamfilter" finished-at="2021-06-23T01:54:24 IST" duration-ms="9" status="PASS">
          <reporter-output>
          </reporter-output>
        </test-method> <!-- streamfilter -->
        <test-method signature="streammap()[pri:0, instance:JavaStreams.Arraystream1@59d016c9]" started-at="2021-06-23T01:54:24 IST" name="streammap" finished-at="2021-06-23T01:54:24 IST" duration-ms="3" status="PASS">
          <reporter-output>
          </reporter-output>
        </test-method> <!-- streammap -->
        <test-method signature="test1()[pri:0, instance:JavaStreams.Arraystream1@59d016c9]" started-at="2021-06-23T01:54:24 IST" name="test1" finished-at="2021-06-23T01:54:24 IST" duration-ms="1" status="PASS">
          <reporter-output>
          </reporter-output>
        </test-method> <!-- test1 -->
      </class> <!-- JavaStreams.Arraystream1 -->
    </test> <!-- Default test -->
  </suite> <!-- Default suite -->
</testng-results>
